<?xml version="1.0" encoding="UTF-8"?>
<!-- Generated by org.testng.reporters.JUnitReportReporter -->
<testsuite hostname="Sarath" failures="0" tests="5" name="com.test.OMRBranchClub" time="6.637" errors="0" timestamp="14 Jun 2022 13:07:05 GMT" skipped="0">
  <testcase classname="com.test.OMRBranchClub" name="login" time="2.767"/>
  <testcase classname="com.test.OMRBranchClub" name="addUserAddress" time="1.885"/>
  <testcase classname="com.test.OMRBranchClub" name="updateUserAddress" time="0.680"/>
  <testcase classname="com.test.OMRBranchClub" name="getAllAddresses" time="0.658"/>
  <testcase classname="com.test.OMRBranchClub" name="deleteAddress" time="0.647"/>
</testsuite> <!-- com.test.OMRBranchClub -->
