<?xml version="1.0" encoding="UTF-8"?>
<!-- Generated by org.testng.reporters.JUnitReportReporter -->
<testsuite hostname="Sarath" failures="0" tests="1" name="com.test.OMRBranchClub" time="2.839" errors="0" timestamp="09 Jun 2022 07:59:20 GMT" skipped="0">
  <testcase classname="com.test.OMRBranchClub" name="login" time="2.839"/>
</testsuite> <!-- com.test.OMRBranchClub -->
